[debug] [2019-02-15T12:24:08.007Z] ----------------------------------------------------------------------
[debug] [2019-02-15T12:24:08.009Z] Command:       /usr/local/Cellar/node/11.6.0/bin/node /usr/local/Cellar/node/11.6.0/bin/firebase init
[debug] [2019-02-15T12:24:08.009Z] CLI Version:   6.3.1
[debug] [2019-02-15T12:24:08.010Z] Platform:      darwin
[debug] [2019-02-15T12:24:08.010Z] Node Version:  v11.8.0
[debug] [2019-02-15T12:24:08.010Z] Time:          Fri Feb 15 2019 07:24:08 GMT-0500 (Eastern Standard Time)
[debug] [2019-02-15T12:24:08.010Z] ----------------------------------------------------------------------
[debug] 
[debug] [2019-02-15T12:24:08.019Z] > command requires scopes: ["email","openid","https://www.googleapis.com/auth/cloudplatformprojects.readonly","https://www.googleapis.com/auth/firebase","https://www.googleapis.com/auth/cloud-platform"]
[debug] [2019-02-15T12:24:08.019Z] > authorizing via signed-in user
[info] 
     ######## #### ########  ######## ########     ###     ######  ########
     ##        ##  ##     ## ##       ##     ##  ##   ##  ##       ##
     ######    ##  ########  ######   ########  #########  ######  ######
     ##        ##  ##    ##  ##       ##     ## ##     ##       ## ##
     ##       #### ##     ## ######## ########  ##     ##  ######  ########

You're about to initialize a Firebase project in this directory:

  /Users/cammilligan/CMProjects/cm portfolio

[info] 
=== Project Setup
[info] 
[info] First, let's associate this project directory with a Firebase project.
[info] You can create multiple project aliases by running firebase use --add, 
[info] but for now we'll just set up a default project.
[info] 
[debug] [2019-02-15T12:24:13.850Z] > refreshing access token with scopes: ["email","https://www.googleapis.com/auth/cloud-platform","https://www.googleapis.com/auth/cloudplatformprojects.readonly","https://www.googleapis.com/auth/firebase","openid"]
[debug] [2019-02-15T12:24:13.850Z] >>> HTTP REQUEST POST https://www.googleapis.com/oauth2/v3/token  
 <request body omitted>
[debug] [2019-02-15T12:24:14.095Z] <<< HTTP RESPONSE 200
[debug] [2019-02-15T12:24:14.108Z] >>> HTTP REQUEST GET https://firebase.googleapis.com/v1beta1/projects?page_size=100  
 
[debug] [2019-02-15T12:24:14.410Z] <<< HTTP RESPONSE 200
[info] i  Using project personal-website-67b36 (personal-website)
[info] 
=== Hosting Setup
[info] 
[info] Your public directory is the folder (relative to your project directory) that
[info] will contain Hosting assets to be uploaded with firebase deploy. If you
[info] have a build process for your assets, use your build's output directory.
[info] 
[debug] [2019-02-15T12:25:31.335Z] >>> HTTP REQUEST GET https://www.gstatic.com/firebasejs/releases.json  
 
[debug] [2019-02-15T12:25:31.585Z] <<< HTTP RESPONSE 200
[info] i  Skipping write of public/index.html
